C:\Users\gunser\Downloads\Angular2MVC\Angular2MVC\Angular2MVC\app\app.component.js
C:\Users\gunser\Downloads\Angular2MVC\Angular2MVC\Angular2MVC\app\app.component.js.map
C:\Users\gunser\Downloads\Angular2MVC\Angular2MVC\Angular2MVC\app\Service\user.service.js
C:\Users\gunser\Downloads\Angular2MVC\Angular2MVC\Angular2MVC\app\Service\user.service.js.map
C:\Users\gunser\Downloads\Angular2MVC\Angular2MVC\Angular2MVC\app\Model\user.js
C:\Users\gunser\Downloads\Angular2MVC\Angular2MVC\Angular2MVC\app\Model\user.js.map
C:\Users\gunser\Downloads\Angular2MVC\Angular2MVC\Angular2MVC\app\Shared\enum.js
C:\Users\gunser\Downloads\Angular2MVC\Angular2MVC\Angular2MVC\app\Shared\enum.js.map
C:\Users\gunser\Downloads\Angular2MVC\Angular2MVC\Angular2MVC\app\Shared\global.js
C:\Users\gunser\Downloads\Angular2MVC\Angular2MVC\Angular2MVC\app\Shared\global.js.map
C:\Users\gunser\Downloads\Angular2MVC\Angular2MVC\Angular2MVC\app\components\user.component.js
C:\Users\gunser\Downloads\Angular2MVC\Angular2MVC\Angular2MVC\app\components\user.component.js.map
C:\Users\gunser\Downloads\Angular2MVC\Angular2MVC\Angular2MVC\app\components\home.component.js
C:\Users\gunser\Downloads\Angular2MVC\Angular2MVC\Angular2MVC\app\components\home.component.js.map
C:\Users\gunser\Downloads\Angular2MVC\Angular2MVC\Angular2MVC\app\app.routing.js
C:\Users\gunser\Downloads\Angular2MVC\Angular2MVC\Angular2MVC\app\app.routing.js.map
C:\Users\gunser\Downloads\Angular2MVC\Angular2MVC\Angular2MVC\app\app.module.js
C:\Users\gunser\Downloads\Angular2MVC\Angular2MVC\Angular2MVC\app\app.module.js.map
C:\Users\gunser\Downloads\Angular2MVC\Angular2MVC\Angular2MVC\app\main.js
C:\Users\gunser\Downloads\Angular2MVC\Angular2MVC\Angular2MVC\app\main.js.map
